<?xml version="1.0" encoding="UTF-8"?>
<!-- Generated by org.testng.reporters.JUnitReportReporter -->
<testsuite skipped="0" hostname="LAPTOP-FDA1SO37" name="Singleton_Class.Singleton_Class.PageTest" tests="1" failures="0" timestamp="26 Mar 2019 23:17:40 GMT" time="7.342" errors="0">
  <testcase name="testMethod" time="7.342" classname="Singleton_Class.Singleton_Class.PageTest"/>
</testsuite> <!-- Singleton_Class.Singleton_Class.PageTest -->
